<?xml version="1.0" encoding="UTF-8" standalone="no"?><testsuite errors="0" failures="1" name="starter.wikipedia.WhenSearchingForTerms" skipped="0" tests="1" time="7.44" timestamp="2024-10-19 01:54:32"><testcase classname="starter.wikipedia.WhenSearchingForTerms" name="Search by single keyword"><failure message="Expected: text of element located by #firstHeading that is equal to: &lt;&quot;Swag Labs&quot;&gt;&#10;Actual:   &lt;&quot;Resultados de la búsqueda&quot;&gt;" type="java.lang.AssertionError">Expected: text of element located by #firstHeading that is equal to: &lt;"Swag Labs"&gt;
Actual:   &lt;"Resultados de la búsqueda"&gt;</failure><system-err>Expected: text of element located by #firstHeading that is equal to: &lt;"Swag Labs"&gt;
Actual:   &lt;"Resultados de la búsqueda"&gt;&#13;
starter.wikipedia.WhenSearchingForTerms.searchBySingleKeyword(WhenSearchingForTerms.java:18)&#13;
</system-err></testcase></testsuite>